
> libdweb@0.0.0 test:tape:discovery C:\Users\soapdog\prog\mozilla\libdweb
> tape-ext 'test/ServiceDiscovery/manifest.json'


> libdweb@0.0.0 test:tape:discovery C:\Users\soapdog\prog\mozilla\libdweb
> tape-ext test/ServiceDiscovery/manifest.json

1532907274479	geckodriver	INFO	geckodriver 0.20.0

1532907274491	geckodriver	INFO	Listening on 127.0.0.1:11905

1532907275007	mozrunner::runner	INFO	Running command: "C:\\Program Files\\Nightly\\firefox.exe" "-marionette" "-headless" "-profile" "C:\\Users\\soapdog\\AppData\\Local\\Temp\\rust_mozprofile.rvn07KXb1BYu"

1532907279463	Marionette	INFO	Listening on port 33803

1532907280314	Marionette	DEBUG	[6442450945] Frame script loaded

1532907280316	Marionette	DEBUG	[6442450945] Frame script registered

#### Install WebExtension C:\Users\soapdog\prog\mozilla\libdweb\test\ServiceDiscovery

# ServiceDiscovery

ok 1 ServiceDiscovery API available object object

ok 2 has ServiceDiscovery.announce function function

ok 3 has ServiceDiscovery.discover function function

# discovery

ok 4 ServiceDiscovery.discover(query).query is query passed {"protocol":"tcp","type":"dweb1"} {"type":"dweb1","protocol":"tcp"}

-*- nsDNSServiceDiscovery.js : nsDNSServiceDiscovery

-*- nsDNSServiceDiscovery.js : startDiscovery

MulticastDNS: startDiscovery("_dweb1._tcp")

MulticastDNS: Attaching observer network:link-status-changed

MulticastDNS: query("_dweb1._tcp.local")

-*- nsDNSServiceDiscovery.js : registerService

MulticastDNS: registerService(): name 1cjk69m1n

MulticastDNS: getAddresses(): 10.128.56.20

MulticastDNS: getHostname(): SurfaceFafi.local


MulticastDNS: sending query on query socket ("_dweb1._tcp.local")

MulticastDNS: announcing previously discovered services ("_dweb1._tcp.local")

MulticastDNS: _handleQueryPacket: {"flags":{"QR":0,"OP":0,"AA":0,"TC":0,"RD":0,"RA":0,"UN":0,"AD":0,"CD":0,"RC":0},"QD":[{"name":"_dweb1._tcp.local","recordType":12,"classCode":1,"cacheFlush":true}],"AN":[],"NS":[],"AR":[]}

MulticastDNS: _respondToQuery(): key=11/_dweb1._tcp|14/name 1cjk69m1n|3000, fromAddr=10.128.56.20:54504

MulticastDNS: _respondToQuery(): key=11/_dweb1._tcp|14/name 1cjk69m1n|3000: SENDING RESPONSE

-*- nsDNSServiceDiscovery.js : resolveService

MulticastDNS: resolveService(): name 1cjk69m1n

MulticastDNS: _advertiseService(): key=11/_dweb1._tcp|14/name 1cjk69m1n|3000


-*- nsDNSServiceDiscovery.js : resolveService

MulticastDNS: resolveService(): name 1cjk628k1


MulticastDNS: _onServiceFound()name 1cjk628k1

-*- nsDNSServiceDiscovery.js : resolveService

MulticastDNS: resolveService(): name 1cjk69m1n


MulticastDNS: _onServiceFound()name 1cjk69m1n

MulticastDNS: _advertiseService(): key=11/_dweb1._tcp|14/name 1cjk69m1n|3000

MulticastDNS: _checkStartBroadcastTimer()

MulticastDNS: _checkStartBroadcastTimer(): Scheduling next check in 114000ms

ok 5 Service.announced

ok 6 service.name matches announcement name 1cjk69m1n name 1cjk69m1n
ok 7 service.type matches announcement dweb1 dweb1

ok 8 service.domain is local local local

ok 9 service.protocol matches announcement tcp tcp
ok 10 service.attributes matches announcement {} {}

ok 11 service.host is string  string string
ok 12 service.port matches announcement 3000 3000

ok 13 address.attributes is empty {} {}
ok 14 service.addresses is array true

not ok 15 service.addresses isn't empty false

ok 16 found service false false

not ok 17 service.name matches announcement name 1cjk628k1 name 1cjk69m1n
ok 18 service.type matches announcement dweb1 dweb1

ok 19 service.domain matches announcement local local
ok 20 service.protocol matches announcement tcp tcp
ok 21 service.host is string SurfaceFafi.local string string
ok 22 service.port matches announcement 3000 3000 3000
ok 23 service.attributes is empty {} {}

ok 24 service.addresses is an array true
ok 25 service.addresses isn't empty true
ok 26 address is string 10.128.56.20 string string
MulticastDNS: stopDiscovery("_dweb1._tcp")

# discovery with attributes

ok 27 ServiceDiscovery.discover(query).query is query passed {"protocol":"udp","type":"dweb2"} {"type":"dweb2","protocol":"udp"}
-*- nsDNSServiceDiscovery.js : startDiscovery

MulticastDNS: startDiscovery("_dweb2._udp")
MulticastDNS: query("_dweb2._udp.local")
MulticastDNS: sending query on query socket ("_dweb2._udp.local")

MulticastDNS: announcing previously discovered services ("_dweb2._udp.local")

MulticastDNS: _handleQueryPacket: {"flags":{"QR":0,"OP":0,"AA":0,"TC":0,"RD":0,"RA":0,"UN":0,"AD":0,"CD":0,"RC":0},"QD":[{"name":"_dweb2._udp.local","recordType":12,"classCode":1,"cacheFlush":true}],"AN":[],"NS":[],"AR":[]}

-*- nsDNSServiceDiscovery.js : registerService

MulticastDNS: registerService(): name 1cjk69o2o

-*- nsDNSServiceDiscovery.js : resolveService

MulticastDNS: resolveService(): name 1cjk69o2o

-*- nsDNSServiceDiscovery.js : resolveService

MulticastDNS: resolveService(): name 1cjk62amh

MulticastDNS: _onServiceFound()name 1cjk62amh

MulticastDNS: _advertiseService(): key=11/_dweb2._udp|14/name 1cjk69o2o|65535

-*- nsDNSServiceDiscovery.js : resolveService

MulticastDNS: resolveService(): name 1cjk69o2o

MulticastDNS: _onServiceFound()name 1cjk69o2o

MulticastDNS: _advertiseService(): key=11/_dweb2._udp|14/name 1cjk69o2o|65535

MulticastDNS: _checkStartBroadcastTimer()

MulticastDNS: _checkStartBroadcastTimer(): Scheduling next check in 111979ms

ok 28 service.name matches announcement name 1cjk69o2o name 1cjk69o2o

ok 29 service.type matches announcement dweb2 dweb2
ok 30 service.domain is local local local
ok 31 service.protocol matches announcement udp udp

ok 32 service.host is string  string string
ok 33 service.port is number 65535 number number
ok 34 service.attributes matches announcement {"version":"1"} {"version":"1"}
ok 35 service.addresses is array true

not ok 36 service.addresses isn't empty false
ok 37 Service discovered
ok 38 found service false false
not ok 39 service.name matches announcement name 1cjk62amh name 1cjk69o2o
ok 40 service.type matches announcement dweb2 dweb2
ok 41 service.domain matches announcement local local

ok 42 service.protocol matches announcement udp udp
ok 43 service.host is string SurfaceFafi.local string string
ok 44 service.port is number 65535 number number
ok 45 service.attributes matches announcement {"version":"1"} {"version":"1"}
ok 46 service.addresses is array true
ok 47 service.addresses isn't empty true
ok 48 address is string 10.128.56.20 string string
MulticastDNS: stopDiscovery("_dweb2._udp")

1..48
---------- FIN ----------

MulticastDNS: Detaching observer network:link-status-changed

MulticastDNS: _checkStartBroadcastTimer()

MulticastDNS: _advertiseService(): key=11/_dweb1._tcp|14/name 1cjk69m1n|3000

MulticastDNS: _checkStartBroadcastTimer()

MulticastDNS: _checkStartBroadcastTimer(): Scheduling next check in 114000ms

MulticastDNS: _advertiseService(): key=11/_dweb2._udp|14/name 1cjk69o2o|65535

MulticastDNS: _checkStartBroadcastTimer()

MulticastDNS: _checkStartBroadcastTimer(): Scheduling next check in 113997ms

MulticastDNS: _advertiseService(): key=11/_dweb2._udp|14/name 1cjk69o2o|65535

MulticastDNS: _checkStartBroadcastTimer()

MulticastDNS: _checkStartBroadcastTimer(): Scheduling next check in 113994ms

MulticastDNS: _checkStartBroadcastTimer()

MulticastDNS: _advertiseService(): key=11/_dweb1._tcp|14/name 1cjk69m1n|3000

MulticastDNS: _checkStartBroadcastTimer()

MulticastDNS: _checkStartBroadcastTimer(): Scheduling next check in 114000ms

MulticastDNS: _advertiseService(): key=11/_dweb2._udp|14/name 1cjk69o2o|65535

MulticastDNS: _checkStartBroadcastTimer()
MulticastDNS: _checkStartBroadcastTimer(): Scheduling next check in 113997ms

MulticastDNS: _advertiseService(): key=11/_dweb2._udp|14/name 1cjk69o2o|65535

MulticastDNS: _checkStartBroadcastTimer()

MulticastDNS: _checkStartBroadcastTimer(): Scheduling next check in 113993ms

MulticastDNS: _checkStartBroadcastTimer()

MulticastDNS: _advertiseService(): key=11/_dweb1._tcp|14/name 1cjk69m1n|3000

MulticastDNS: _checkStartBroadcastTimer()

MulticastDNS: _checkStartBroadcastTimer(): Scheduling next check in 114000ms

MulticastDNS: _advertiseService(): key=11/_dweb2._udp|14/name 1cjk69o2o|65535

MulticastDNS: _checkStartBroadcastTimer()

MulticastDNS: _checkStartBroadcastTimer(): Scheduling next check in 113998ms

MulticastDNS: _advertiseService(): key=11/_dweb2._udp|14/name 1cjk69o2o|65535

MulticastDNS: _checkStartBroadcastTimer()

MulticastDNS: _checkStartBroadcastTimer(): Scheduling next check in 113996ms

MulticastDNS: _checkStartBroadcastTimer()

MulticastDNS: _advertiseService(): key=11/_dweb1._tcp|14/name 1cjk69m1n|3000

MulticastDNS: _checkStartBroadcastTimer()

MulticastDNS: _checkStartBroadcastTimer(): Scheduling next check in 113999ms

MulticastDNS: _advertiseService(): key=11/_dweb2._udp|14/name 1cjk69o2o|65535

MulticastDNS: _checkStartBroadcastTimer()

MulticastDNS: _checkStartBroadcastTimer(): Scheduling next check in 113997ms

MulticastDNS: _advertiseService(): key=11/_dweb2._udp|14/name 1cjk69o2o|65535

MulticastDNS: _checkStartBroadcastTimer()

MulticastDNS: _checkStartBroadcastTimer(): Scheduling next check in 113996ms

MulticastDNS: _checkStartBroadcastTimer()

MulticastDNS: _advertiseService(): key=11/_dweb1._tcp|14/name 1cjk69m1n|3000

MulticastDNS: _checkStartBroadcastTimer()

MulticastDNS: _checkStartBroadcastTimer(): Scheduling next check in 113999ms

MulticastDNS: _advertiseService(): key=11/_dweb2._udp|14/name 1cjk69o2o|65535

MulticastDNS: _checkStartBroadcastTimer()
MulticastDNS: _checkStartBroadcastTimer(): Scheduling next check in 113998ms

MulticastDNS: _advertiseService(): key=11/_dweb2._udp|14/name 1cjk69o2o|65535
MulticastDNS: _checkStartBroadcastTimer()
MulticastDNS: _checkStartBroadcastTimer(): Scheduling next check in 113997ms

MulticastDNS: _checkStartBroadcastTimer()

MulticastDNS: _advertiseService(): key=11/_dweb1._tcp|14/name 1cjk69m1n|3000

MulticastDNS: _checkStartBroadcastTimer()

MulticastDNS: _checkStartBroadcastTimer(): Scheduling next check in 114000ms

MulticastDNS: _advertiseService(): key=11/_dweb2._udp|14/name 1cjk69o2o|65535

MulticastDNS: _checkStartBroadcastTimer()

MulticastDNS: _checkStartBroadcastTimer(): Scheduling next check in 113998ms

MulticastDNS: _advertiseService(): key=11/_dweb2._udp|14/name 1cjk69o2o|65535

MulticastDNS: _checkStartBroadcastTimer()

MulticastDNS: _checkStartBroadcastTimer(): Scheduling next check in 113996ms

MulticastDNS: _checkStartBroadcastTimer()

MulticastDNS: _advertiseService(): key=11/_dweb1._tcp|14/name 1cjk69m1n|3000

MulticastDNS: _checkStartBroadcastTimer()

MulticastDNS: _checkStartBroadcastTimer(): Scheduling next check in 114000ms

MulticastDNS: _advertiseService(): key=11/_dweb2._udp|14/name 1cjk69o2o|65535

MulticastDNS: _checkStartBroadcastTimer()

MulticastDNS: _checkStartBroadcastTimer(): Scheduling next check in 113999ms

MulticastDNS: _advertiseService(): key=11/_dweb2._udp|14/name 1cjk69o2o|65535

MulticastDNS: _checkStartBroadcastTimer()

MulticastDNS: _checkStartBroadcastTimer(): Scheduling next check in 113997ms

MulticastDNS: _checkStartBroadcastTimer()

MulticastDNS: _advertiseService(): key=11/_dweb1._tcp|14/name 1cjk69m1n|3000

MulticastDNS: _checkStartBroadcastTimer()

MulticastDNS: _checkStartBroadcastTimer(): Scheduling next check in 114000ms

MulticastDNS: _advertiseService(): key=11/_dweb2._udp|14/name 1cjk69o2o|65535

MulticastDNS: _checkStartBroadcastTimer()

MulticastDNS: _checkStartBroadcastTimer(): Scheduling next check in 113999ms

MulticastDNS: _advertiseService(): key=11/_dweb2._udp|14/name 1cjk69o2o|65535

MulticastDNS: _checkStartBroadcastTimer()

MulticastDNS: _checkStartBroadcastTimer(): Scheduling next check in 113998ms

MulticastDNS: _checkStartBroadcastTimer()

MulticastDNS: _advertiseService(): key=11/_dweb1._tcp|14/name 1cjk69m1n|3000

MulticastDNS: _checkStartBroadcastTimer()

MulticastDNS: _checkStartBroadcastTimer(): Scheduling next check in 114000ms
MulticastDNS: _advertiseService(): key=11/_dweb2._udp|14/name 1cjk69o2o|65535

MulticastDNS: _checkStartBroadcastTimer()

MulticastDNS: _checkStartBroadcastTimer(): Scheduling next check in 113998ms
MulticastDNS: _advertiseService(): key=11/_dweb2._udp|14/name 1cjk69o2o|65535

MulticastDNS: _checkStartBroadcastTimer()

MulticastDNS: _checkStartBroadcastTimer(): Scheduling next check in 113997ms

MulticastDNS: _checkStartBroadcastTimer()

MulticastDNS: _advertiseService(): key=11/_dweb1._tcp|14/name 1cjk69m1n|3000

MulticastDNS: _checkStartBroadcastTimer()

MulticastDNS: _checkStartBroadcastTimer(): Scheduling next check in 114000ms

MulticastDNS: _advertiseService(): key=11/_dweb2._udp|14/name 1cjk69o2o|65535

MulticastDNS: _checkStartBroadcastTimer()
MulticastDNS: _checkStartBroadcastTimer(): Scheduling next check in 113998ms

MulticastDNS: _advertiseService(): key=11/_dweb2._udp|14/name 1cjk69o2o|65535

MulticastDNS: _checkStartBroadcastTimer()

MulticastDNS: _checkStartBroadcastTimer(): Scheduling next check in 113997ms

MulticastDNS: _checkStartBroadcastTimer()

MulticastDNS: _advertiseService(): key=11/_dweb1._tcp|14/name 1cjk69m1n|3000

MulticastDNS: _checkStartBroadcastTimer()

MulticastDNS: _checkStartBroadcastTimer(): Scheduling next check in 114000ms

MulticastDNS: _advertiseService(): key=11/_dweb2._udp|14/name 1cjk69o2o|65535

MulticastDNS: _checkStartBroadcastTimer()

MulticastDNS: _checkStartBroadcastTimer(): Scheduling next check in 113999ms
MulticastDNS: _advertiseService(): key=11/_dweb2._udp|14/name 1cjk69o2o|65535

MulticastDNS: _checkStartBroadcastTimer()

MulticastDNS: _checkStartBroadcastTimer(): Scheduling next check in 113998ms

MulticastDNS: _checkStartBroadcastTimer()

MulticastDNS: _advertiseService(): key=11/_dweb1._tcp|14/name 1cjk69m1n|3000

MulticastDNS: _checkStartBroadcastTimer()

MulticastDNS: _checkStartBroadcastTimer(): Scheduling next check in 114000ms

MulticastDNS: _advertiseService(): key=11/_dweb2._udp|14/name 1cjk69o2o|65535

MulticastDNS: _checkStartBroadcastTimer()

MulticastDNS: _checkStartBroadcastTimer(): Scheduling next check in 113999ms

MulticastDNS: _advertiseService(): key=11/_dweb2._udp|14/name 1cjk69o2o|65535

MulticastDNS: _checkStartBroadcastTimer()

MulticastDNS: _checkStartBroadcastTimer(): Scheduling next check in 113997ms

MulticastDNS: _checkStartBroadcastTimer()

MulticastDNS: _advertiseService(): key=11/_dweb1._tcp|14/name 1cjk69m1n|3000

MulticastDNS: _checkStartBroadcastTimer()

MulticastDNS: _checkStartBroadcastTimer(): Scheduling next check in 114000ms

MulticastDNS: _advertiseService(): key=11/_dweb2._udp|14/name 1cjk69o2o|65535

MulticastDNS: _checkStartBroadcastTimer()

MulticastDNS: _checkStartBroadcastTimer(): Scheduling next check in 113999ms

MulticastDNS: _advertiseService(): key=11/_dweb2._udp|14/name 1cjk69o2o|65535

MulticastDNS: _checkStartBroadcastTimer()
MulticastDNS: _checkStartBroadcastTimer(): Scheduling next check in 113997ms

MulticastDNS: _checkStartBroadcastTimer()

MulticastDNS: _advertiseService(): key=11/_dweb1._tcp|14/name 1cjk69m1n|3000

MulticastDNS: _checkStartBroadcastTimer()

MulticastDNS: _checkStartBroadcastTimer(): Scheduling next check in 114000ms

MulticastDNS: _advertiseService(): key=11/_dweb2._udp|14/name 1cjk69o2o|65535

MulticastDNS: _checkStartBroadcastTimer()

MulticastDNS: _checkStartBroadcastTimer(): Scheduling next check in 113999ms

MulticastDNS: _advertiseService(): key=11/_dweb2._udp|14/name 1cjk69o2o|65535

MulticastDNS: _checkStartBroadcastTimer()

MulticastDNS: _checkStartBroadcastTimer(): Scheduling next check in 113998ms

MulticastDNS: _checkStartBroadcastTimer()

MulticastDNS: _advertiseService(): key=11/_dweb1._tcp|14/name 1cjk69m1n|3000

MulticastDNS: _checkStartBroadcastTimer()

MulticastDNS: _checkStartBroadcastTimer(): Scheduling next check in 114000ms

MulticastDNS: _advertiseService(): key=11/_dweb2._udp|14/name 1cjk69o2o|65535

MulticastDNS: _checkStartBroadcastTimer()

MulticastDNS: _checkStartBroadcastTimer(): Scheduling next check in 113999ms

MulticastDNS: _advertiseService(): key=11/_dweb2._udp|14/name 1cjk69o2o|65535

MulticastDNS: _checkStartBroadcastTimer()

MulticastDNS: _checkStartBroadcastTimer(): Scheduling next check in 113997ms

MulticastDNS: _checkStartBroadcastTimer()

MulticastDNS: _advertiseService(): key=11/_dweb1._tcp|14/name 1cjk69m1n|3000

MulticastDNS: _checkStartBroadcastTimer()

MulticastDNS: _checkStartBroadcastTimer(): Scheduling next check in 114000ms
MulticastDNS: _advertiseService(): key=11/_dweb2._udp|14/name 1cjk69o2o|65535

MulticastDNS: _checkStartBroadcastTimer()

MulticastDNS: _checkStartBroadcastTimer(): Scheduling next check in 113999ms

MulticastDNS: _advertiseService(): key=11/_dweb2._udp|14/name 1cjk69o2o|65535

MulticastDNS: _checkStartBroadcastTimer()

MulticastDNS: _checkStartBroadcastTimer(): Scheduling next check in 113997ms

MulticastDNS: _checkStartBroadcastTimer()

MulticastDNS: _advertiseService(): key=11/_dweb1._tcp|14/name 1cjk69m1n|3000

MulticastDNS: _checkStartBroadcastTimer()

MulticastDNS: _checkStartBroadcastTimer(): Scheduling next check in 114000ms
MulticastDNS: _advertiseService(): key=11/_dweb2._udp|14/name 1cjk69o2o|65535

MulticastDNS: _checkStartBroadcastTimer()

MulticastDNS: _checkStartBroadcastTimer(): Scheduling next check in 113999ms

MulticastDNS: _advertiseService(): key=11/_dweb2._udp|14/name 1cjk69o2o|65535

MulticastDNS: _checkStartBroadcastTimer()

MulticastDNS: _checkStartBroadcastTimer(): Scheduling next check in 113998ms

MulticastDNS: _checkStartBroadcastTimer()

MulticastDNS: _advertiseService(): key=11/_dweb1._tcp|14/name 1cjk69m1n|3000

MulticastDNS: _checkStartBroadcastTimer()

MulticastDNS: _checkStartBroadcastTimer(): Scheduling next check in 114000ms
MulticastDNS: _advertiseService(): key=11/_dweb2._udp|14/name 1cjk69o2o|65535

MulticastDNS: _checkStartBroadcastTimer()

MulticastDNS: _checkStartBroadcastTimer(): Scheduling next check in 113998ms

MulticastDNS: _advertiseService(): key=11/_dweb2._udp|14/name 1cjk69o2o|65535
MulticastDNS: _checkStartBroadcastTimer()
MulticastDNS: _checkStartBroadcastTimer(): Scheduling next check in 113997ms

